<?xml version="1.0" encoding="UTF-8"?>
<testsuite xmlns:xsi="http://www.w3.org/2001/XMLSchema-instance" xsi:noNamespaceSchemaLocation="https://maven.apache.org/surefire/maven-surefire-plugin/xsd/surefire-test-report.xsd" version="3.0.2" name="com.schoolmate.api.SchoolmateApiApplicationTests" time="14.146" tests="1" errors="0" skipped="0" failures="0">
  <properties>
[...]
</properties>
  <testcase name="contextLoads" classname="com.schoolmate.api.SchoolmateApiApplicationTests" time="10.814">
    <system-out><![CDATA[14:46:36.639 [main] INFO org.springframework.test.context.support.AnnotationConfigContextLoaderUtils -- Could not detect default configuration classes for test class [com.schoolmate.api.SchoolmateApiApplicationTests]: SchoolmateApiApplicationTests does not declare any static, non-private, non-final, nested classes annotated with @Configuration.
14:46:36.696 [main] INFO org.springframework.boot.test.context.SpringBootTestContextBootstrapper -- Found @SpringBootConfiguration com.schoolmate.api.SchoolmateApiApplication for test class com.schoolmate.api.SchoolmateApiApplicationTests

  .   ____          _            __ _ _
 /\\ / ___'_ __ _ _(_)_ __  __ _ \ \ \ \
( ( )\___ | '_ | '_| | '_ \/ _` | \ \ \ \
 \\/  ___)| |_)| | | | | || (_| |  ) ) ) )
  '  |____| .__|_| |_|_| |_\__, | / / / /
 =========|_|==============|___/=/_/_/_/

 :: Spring Boot ::                (v4.0.2)

2026-02-26T14:46:36.893-03:00  INFO 58325 --- [schoolmate-hub-api] [           main] c.s.api.SchoolmateApiApplicationTests    : Starting SchoolmateApiApplicationTests using Java 21.0.10 with PID 58325 (started by aflores in /Users/aflores/Documents/proyecto/colegios/backend-hub/schoolmate-hub-api)
2026-02-26T14:46:36.893-03:00 DEBUG 58325 --- [schoolmate-hub-api] [           main] c.s.api.SchoolmateApiApplicationTests    : Running with Spring Boot v4.0.2, Spring v7.0.3
2026-02-26T14:46:36.893-03:00  INFO 58325 --- [schoolmate-hub-api] [           main] c.s.api.SchoolmateApiApplicationTests    : The following 1 profile is active: "dev"
2026-02-26T14:46:37.253-03:00  INFO 58325 --- [schoolmate-hub-api] [           main] .s.d.r.c.RepositoryConfigurationDelegate : Bootstrapping Spring Data JPA repositories in DEFAULT mode.
2026-02-26T14:46:37.297-03:00  INFO 58325 --- [schoolmate-hub-api] [           main] .s.d.r.c.RepositoryConfigurationDelegate : Finished Spring Data repository scanning in 40 ms. Found 18 JPA repository interfaces.
2026-02-26T14:46:37.560-03:00  INFO 58325 --- [schoolmate-hub-api] [           main] org.hibernate.orm.jpa                    : HHH008540: Processing PersistenceUnitInfo [name: default]
2026-02-26T14:46:37.583-03:00  INFO 58325 --- [schoolmate-hub-api] [           main] org.hibernate.orm.core                   : HHH000001: Hibernate ORM core version 7.2.1.Final
2026-02-26T14:46:37.722-03:00  INFO 58325 --- [schoolmate-hub-api] [           main] o.s.o.j.p.SpringPersistenceUnitInfo      : No LoadTimeWeaver setup: ignoring JPA class transformer
2026-02-26T14:46:37.736-03:00  INFO 58325 --- [schoolmate-hub-api] [           main] com.zaxxer.hikari.HikariDataSource       : HikariPool-1 - Starting...
2026-02-26T14:46:37.823-03:00  INFO 58325 --- [schoolmate-hub-api] [           main] com.zaxxer.hikari.pool.HikariPool        : HikariPool-1 - Added connection conn0: url=jdbc:h2:mem:schoolmate-context-load user=SA
2026-02-26T14:46:37.824-03:00  INFO 58325 --- [schoolmate-hub-api] [           main] com.zaxxer.hikari.HikariDataSource       : HikariPool-1 - Start completed.
2026-02-26T14:46:37.833-03:00  WARN 58325 --- [schoolmate-hub-api] [           main] org.hibernate.orm.deprecation            : HHH90000025: H2Dialect does not need to be specified explicitly using 'hibernate.dialect' (remove the property setting and it will be selected by default)
2026-02-26T14:46:37.842-03:00  INFO 58325 --- [schoolmate-hub-api] [           main] org.hibernate.orm.connections.pooling    : HHH10001005: Database info:
	Database JDBC URL [jdbc:h2:mem:schoolmate-context-load]
	Database driver: H2 JDBC Driver
	Database dialect: H2Dialect
	Database version: 2.4.240
	Default catalog/schema: schoolmate-context-load/PUBLIC
	Autocommit mode: undefined/unknown
	Isolation level: READ_COMMITTED [default READ_COMMITTED]
	JDBC fetch size: 100
	Pool: DataSourceConnectionProvider
	Minimum pool size: undefined/unknown
	Maximum pool size: undefined/unknown
2026-02-26T14:46:38.323-03:00  INFO 58325 --- [schoolmate-hub-api] [           main] org.hibernate.orm.core                   : HHH000489: No JTA platform available (set 'hibernate.transaction.jta.platform' to enable JTA platform integration)
Hibernate: 
    drop table if exists alumno cascade 
Hibernate: 
    drop table if exists ano_escolar cascade 
Hibernate: 
    drop table if exists apoderado cascade 
Hibernate: 
    drop table if exists apoderado_alumno cascade 
Hibernate: 
    drop table if exists asistencia_clase cascade 
Hibernate: 
    drop table if exists bloque_horario cascade 
Hibernate: 
    drop table if exists curso cascade 
Hibernate: 
    drop table if exists dia_no_lectivo cascade 
Hibernate: 
    drop table if exists evento_auditoria cascade 
Hibernate: 
    drop table if exists grado cascade 
Hibernate: 
    drop table if exists malla_curricular cascade 
Hibernate: 
    drop table if exists materia cascade 
Hibernate: 
    drop table if exists matricula cascade 
Hibernate: 
    drop table if exists profesor cascade 
Hibernate: 
    drop table if exists profesor_materia cascade 
Hibernate: 
    drop table if exists registro_asistencia cascade 
Hibernate: 
    drop table if exists seccion_catalogo cascade 
Hibernate: 
    drop table if exists sesion_usuario cascade 
Hibernate: 
    drop table if exists usuario cascade 
Hibernate: 
    create table alumno (
        activo boolean not null,
        fecha_nacimiento date not null,
        created_at timestamp(6) not null,
        updated_at timestamp(6) not null,
        id uuid not null,
        rut varchar(20) not null unique,
        apellido varchar(100) not null,
        nombre varchar(100) not null,
        primary key (id)
    )
Hibernate: 
    create table ano_escolar (
        ano integer not null unique,
        fecha_fin date not null,
        fecha_inicio date not null,
        fecha_inicio_planificacion date not null,
        created_at timestamp(6) not null,
        updated_at timestamp(6) not null,
        id uuid not null,
        primary key (id)
    )
Hibernate: 
    create table apoderado (
        created_at timestamp(6) not null,
        updated_at timestamp(6) not null,
        id uuid not null,
        rut varchar(20) unique,
        telefono varchar(30),
        apellido varchar(100) not null,
        nombre varchar(100) not null,
        email varchar(255) unique,
        primary key (id)
    )
Hibernate: 
    create table apoderado_alumno (
        es_principal boolean not null,
        created_at timestamp(6) not null,
        alumno_id uuid not null,
        apoderado_id uuid not null,
        vinculo enum ('ABUELO','MADRE','OTRO','PADRE','TUTOR_LEGAL') not null,
        primary key (alumno_id, apoderado_id)
    )
Hibernate: 
    create table asistencia_clase (
        fecha date not null,
        created_at timestamp(6) not null,
        updated_at timestamp(6) not null,
        bloque_horario_id uuid not null,
        id uuid not null,
        registrado_por_usuario_id uuid,
        primary key (id)
    )
Hibernate: 
    create table bloque_horario (
        activo boolean not null,
        dia_semana integer not null,
        hora_fin time(0) not null,
        hora_inicio time(0) not null,
        numero_bloque integer not null,
        created_at timestamp(6) not null,
        updated_at timestamp(6) not null,
        curso_id uuid not null,
        id uuid not null,
        materia_id uuid,
        profesor_id uuid,
        tipo enum ('ALMUERZO','CLASE','RECREO') not null,
        primary key (id)
    )
Hibernate: 
    create table curso (
        activo boolean not null,
        letra varchar(5) not null,
        created_at timestamp(6) not null,
        updated_at timestamp(6) not null,
        ano_escolar_id uuid not null,
        grado_id uuid not null,
        id uuid not null,
        nombre varchar(50) not null,
        primary key (id)
    )
Hibernate: 
    create table dia_no_lectivo (
        fecha date not null,
        created_at timestamp(6) not null,
        updated_at timestamp(6) not null,
        ano_escolar_id uuid not null,
        id uuid not null,
        descripcion varchar(200),
        tipo enum ('ADMINISTRATIVO','FERIADO_LEGAL','INTERFERIADO','SUSPENSION','VACACIONES') not null,
        primary key (id)
    )
Hibernate: 
    create table evento_auditoria (
        response_status integer not null,
        created_at timestamp(6) not null,
        metodo_http varchar(10) not null,
        ano_escolar_id uuid,
        id uuid not null,
        usuario_id uuid not null,
        usuario_rol varchar(20) not null,
        ip_address varchar(45),
        endpoint varchar(500) not null,
        usuario_email varchar(255) not null,
        request_body jsonb,
        primary key (id)
    )
Hibernate: 
    create table grado (
        nivel integer not null,
        created_at timestamp(6) not null,
        updated_at timestamp(6) not null,
        id uuid not null,
        nombre varchar(255) not null,
        primary key (id)
    )
Hibernate: 
    create table malla_curricular (
        activo boolean not null,
        horas_pedagogicas integer not null,
        created_at timestamp(6) not null,
        updated_at timestamp(6) not null,
        ano_escolar_id uuid not null,
        grado_id uuid not null,
        id uuid not null,
        materia_id uuid not null,
        primary key (id)
    )
Hibernate: 
    create table materia (
        activo boolean not null,
        created_at timestamp(6) not null,
        updated_at timestamp(6) not null,
        id uuid not null,
        icono varchar(255),
        nombre varchar(255) not null,
        primary key (id)
    )
Hibernate: 
    create table matricula (
        fecha_matricula date not null,
        created_at timestamp(6) not null,
        updated_at timestamp(6) not null,
        alumno_id uuid not null,
        ano_escolar_id uuid not null,
        curso_id uuid not null,
        id uuid not null,
        estado enum ('ACTIVA','RETIRADO','TRASLADADO') not null,
        primary key (id)
    )
Hibernate: 
    create table profesor (
        activo boolean not null,
        fecha_contratacion date not null,
        horas_pedagogicas_contrato integer,
        created_at timestamp(6) not null,
        updated_at timestamp(6) not null,
        id uuid not null,
        rut varchar(20) not null unique,
        telefono varchar(30),
        apellido varchar(100) not null,
        nombre varchar(100) not null,
        email varchar(255) not null unique,
        primary key (id)
    )
Hibernate: 
    create table profesor_materia (
        materia_id uuid not null,
        profesor_id uuid not null
    )
Hibernate: 
    create table registro_asistencia (
        created_at timestamp(6) not null,
        updated_at timestamp(6) not null,
        alumno_id uuid not null,
        asistencia_clase_id uuid not null,
        id uuid not null,
        observacion varchar(500),
        estado enum ('AUSENTE','PRESENTE') not null,
        primary key (id)
    )
Hibernate: 
    create table seccion_catalogo (
        activo boolean not null,
        letra varchar(1) not null,
        orden smallint not null unique,
        created_at timestamp(6) not null,
        primary key (letra)
    )
Hibernate: 
    create table sesion_usuario (
        latitud numeric(10,7),
        longitud numeric(10,7),
        precision_metros numeric(8,2),
        created_at timestamp(6) not null,
        id uuid not null,
        usuario_id uuid not null,
        ip_address varchar(45),
        user_agent varchar(500),
        primary key (id)
    )
Hibernate: 
    create table usuario (
        activo boolean not null,
        created_at timestamp(6) not null,
        updated_at timestamp(6) not null,
        apoderado_id uuid,
        id uuid not null,
        profesor_id uuid,
        rut varchar(20),
        apellido varchar(255) not null,
        email varchar(255) not null unique,
        nombre varchar(255) not null,
        password_hash varchar(255) not null,
        refresh_token varchar(255),
        rol enum ('ADMIN','APODERADO','PROFESOR') not null,
        primary key (id)
    )
Hibernate: 
    alter table if exists apoderado_alumno 
       add constraint FKgdh2oeu1h7xsjcrta289fgosy 
       foreign key (alumno_id) 
       references alumno
Hibernate: 
    alter table if exists apoderado_alumno 
       add constraint FKfh1j99gbosfvcinnvrsqkhleu 
       foreign key (apoderado_id) 
       references apoderado
Hibernate: 
    alter table if exists asistencia_clase 
       add constraint FKe1tc9pce0p6ygrt2cr7tt8a6j 
       foreign key (bloque_horario_id) 
       references bloque_horario
Hibernate: 
    alter table if exists asistencia_clase 
       add constraint FK82rgjrflgcwj650y5kop97i5b 
       foreign key (registrado_por_usuario_id) 
       references usuario
Hibernate: 
    alter table if exists bloque_horario 
       add constraint FK2fusvqkq9e71v43714wpweqmv 
       foreign key (curso_id) 
       references curso
Hibernate: 
    alter table if exists bloque_horario 
       add constraint FKp01my72hda901ehvj6hcv35o9 
       foreign key (materia_id) 
       references materia
Hibernate: 
    alter table if exists bloque_horario 
       add constraint FK3jnvokg9myswhgiwk12i4m2b1 
       foreign key (profesor_id) 
       references profesor
Hibernate: 
    alter table if exists curso 
       add constraint FKrg8696nc7sfw2ywmcwq7nclnr 
       foreign key (ano_escolar_id) 
       references ano_escolar
Hibernate: 
    alter table if exists curso 
       add constraint FKhsn1jjd757jabjoxpjlouehej 
       foreign key (grado_id) 
       references grado
Hibernate: 
    alter table if exists dia_no_lectivo 
       add constraint FKsedkkm7vnkv8osqc3ginlnmu6 
       foreign key (ano_escolar_id) 
       references ano_escolar
Hibernate: 
    alter table if exists evento_auditoria 
       add constraint FKmfox1llnvs10i1hm08yxahp8u 
       foreign key (usuario_id) 
       references usuario
Hibernate: 
    alter table if exists malla_curricular 
       add constraint FK9jobiwpi8fmr90bumfwee5m3p 
       foreign key (ano_escolar_id) 
       references ano_escolar
Hibernate: 
    alter table if exists malla_curricular 
       add constraint FK5ky69jb8mb3itgwh43gm3x5qu 
       foreign key (grado_id) 
       references grado
Hibernate: 
    alter table if exists malla_curricular 
       add constraint FKixkeqxt47tjq07lxd53siptw 
       foreign key (materia_id) 
       references materia
Hibernate: 
    alter table if exists matricula 
       add constraint FKha7atjkqv0i3imutwn8mwfnei 
       foreign key (alumno_id) 
       references alumno
Hibernate: 
    alter table if exists matricula 
       add constraint FKrcbr61ycvatl87brrmhgcgc74 
       foreign key (ano_escolar_id) 
       references ano_escolar
Hibernate: 
    alter table if exists matricula 
       add constraint FK133qjgbs681xntmnvxvg2g08w 
       foreign key (curso_id) 
       references curso
Hibernate: 
    alter table if exists profesor_materia 
       add constraint FKnvju00cs7lmrgvmb45lxkys6g 
       foreign key (materia_id) 
       references materia
Hibernate: 
    alter table if exists profesor_materia 
       add constraint FKij29hxdcsgghiy4mj8dxfs8vf 
       foreign key (profesor_id) 
       references profesor
Hibernate: 
    alter table if exists registro_asistencia 
       add constraint FKpjb2t9xv9vton48knkq4r5qdu 
       foreign key (alumno_id) 
       references alumno
Hibernate: 
    alter table if exists registro_asistencia 
       add constraint FKovcc40iteq2k0wp4ae196dkrp 
       foreign key (asistencia_clase_id) 
       references asistencia_clase
Hibernate: 
    alter table if exists sesion_usuario 
       add constraint FKje7oqp5w4b7cjpkpdj9aoxqsc 
       foreign key (usuario_id) 
       references usuario
2026-02-26T14:46:38.363-03:00  INFO 58325 --- [schoolmate-hub-api] [           main] j.LocalContainerEntityManagerFactoryBean : Initialized JPA EntityManagerFactory for persistence unit 'default'
2026-02-26T14:46:38.423-03:00  INFO 58325 --- [schoolmate-hub-api] [           main] o.s.d.j.r.query.QueryEnhancerFactories   : Hibernate is in classpath; If applicable, HQL parser will be used.
2026-02-26T14:46:39.574-03:00  INFO 58325 --- [schoolmate-hub-api] [           main] r$InitializeUserDetailsManagerConfigurer : Global AuthenticationManager configured with UserDetailsService bean with name customUserDetailsService
2026-02-26T14:46:39.644-03:00 DEBUG 58325 --- [schoolmate-hub-api] [           main] o.s.s.web.DefaultSecurityFilterChain     : Will secure any request with filters: DisableEncodeUrlFilter, WebAsyncManagerIntegrationFilter, SecurityContextHolderFilter, HeaderWriterFilter, CorsFilter, LogoutFilter, JwtAuthenticationFilter, RequestCacheAwareFilter, SecurityContextHolderAwareRequestFilter, AnonymousAuthenticationFilter, SessionManagementFilter, ExceptionTranslationFilter, AuthorizationFilter
2026-02-26T14:46:39.898-03:00  INFO 58325 --- [schoolmate-hub-api] [           main] c.s.api.SchoolmateApiApplicationTests    : Started SchoolmateApiApplicationTests in 3.153 seconds (process running for 3.751)
]]></system-out>
    <system-err><![CDATA[Mockito is currently self-attaching to enable the inline-mock-maker. This will no longer work in future releases of the JDK. Please add Mockito as an agent to your build as described in Mockito's documentation: https://javadoc.io/doc/org.mockito/mockito-core/latest/org.mockito/org/mockito/Mockito.html#0.3
]]></system-err>
  </testcase>
</testsuite>